<?xml version="1.0" encoding="UTF-8"?>
<!-- Generated by org.testng.reporters.JUnitReportReporter -->
<testsuite hostname="Rashe" failures="0" tests="4" name="tests.Errorvalidation" time="30.497" errors="0" timestamp="2025-04-04T19:38:59 EDT" skipped="0">
  <testcase classname="tests.Errorvalidation" name="checkoutWithMissingFirstName" time="7.063"/>
  <system-out/>
  <testcase classname="tests.Errorvalidation" name="lockedUser" time="4.618"/>
  <system-out/>
  <testcase classname="tests.Errorvalidation" name="performanceGlitch" time="9.714"/>
  <system-out/>
  <testcase classname="tests.Errorvalidation" name="InvalidLogin" time="9.102"/>
  <system-out/>
</testsuite> <!-- tests.Errorvalidation -->
