<?xml version="1.0" encoding="UTF-8"?>
<!-- Generated by org.testng.reporters.JUnitReportReporter -->
<testsuite hostname="Rashe" failures="0" tests="2" name="tests.E2ETest" time="19.640" errors="0" timestamp="2025-04-04T19:38:59 EDT" skipped="0">
  <testcase classname="tests.E2ETest" name="submitOrder" time="11.974"/>
  <system-out/>
  <testcase classname="tests.E2ETest" name="submitOrder" time="7.666"/>
  <system-out/>
</testsuite> <!-- tests.E2ETest -->
