<?xml version="1.0" encoding="UTF-8"?>
<!-- Generated by org.testng.reporters.JUnitReportReporter -->
<testsuite hostname="Rashe" failures="0" tests="1" name="tests.MainMenuValidation" time="10.647" errors="0" timestamp="2025-04-04T19:38:59 EDT" skipped="0">
  <testcase classname="tests.MainMenuValidation" name="LoginandLogout" time="10.647"/>
  <system-out/>
</testsuite> <!-- tests.MainMenuValidation -->
