<?xml version="1.0" encoding="UTF-8"?>
<!-- Generated by org.testng.reporters.JUnitReportReporter -->
<testsuite hostname="Rashe" failures="0" tests="1" name="tests.NewTest" time="17.459" errors="0" timestamp="2023-04-10T09:44:20 EDT" skipped="0">
  <testcase classname="tests.NewTest" name="f" time="17.459"/>
  <system-out/>
</testsuite> <!-- tests.NewTest -->
