<?xml version="1.0" encoding="UTF-8"?>
<!-- Generated by org.testng.reporters.JUnitReportReporter -->
<testsuite hostname="Rashe" failures="0" tests="9" name="tests.InventoryPageValidation" time="47.932" errors="0" timestamp="2025-04-04T19:38:59 EDT" skipped="0">
  <testcase classname="tests.InventoryPageValidation" name="addandRemoveProductfromCart" time="4.920"/>
  <system-out/>
  <testcase classname="tests.InventoryPageValidation" name="verifyProductDetailsNavigation" time="6.246"/>
  <system-out/>
  <testcase classname="tests.InventoryPageValidation" name="addSingleItemtoCart" time="4.603"/>
  <system-out/>
  <testcase classname="tests.InventoryPageValidation" name="addandRemoveProductfromCart" time="10.328"/>
  <system-out/>
  <testcase classname="tests.InventoryPageValidation" name="sortProductsByHighToLowPrice" time="3.748"/>
  <system-out/>
  <testcase classname="tests.InventoryPageValidation" name="verifyProductDetailsNavigation" time="3.839"/>
  <system-out/>
  <testcase classname="tests.InventoryPageValidation" name="VerifyItemCount" time="4.161"/>
  <system-out/>
  <testcase classname="tests.InventoryPageValidation" name="addSingleItemtoCart" time="5.988"/>
  <system-out/>
  <testcase classname="tests.InventoryPageValidation" name="sortProductsByLowToHighPrice" time="4.099"/>
  <system-out/>
</testsuite> <!-- tests.InventoryPageValidation -->
