<?xml version="1.0" encoding="UTF-8"?>
<!-- Generated by org.testng.reporters.JUnitReportReporter -->
<testsuite hostname="Rashe" failures="0" tests="1" name="cucumber.TestNGTestRunner" time="3.350" errors="0" timestamp="2023-04-26T16:11:04 EDT" skipped="0">
  <testcase classname="cucumber.TestNGTestRunner" name="runScenario" time="3.350"/>
  <system-out/>
</testsuite> <!-- cucumber.TestNGTestRunner -->
