<?xml version="1.0" encoding="UTF-8"?>
<!-- Generated by org.testng.reporters.JUnitReportReporter -->
<testsuite hostname="Rashe" failures="0" tests="1" name="tests.CartPageValidation" time="12.174" errors="0" timestamp="2025-04-04T19:38:59 EDT" skipped="0">
  <testcase classname="tests.CartPageValidation" name="addMultipleItemsAndVerifyInCart" time="12.174"/>
  <system-out/>
</testsuite> <!-- tests.CartPageValidation -->
