<?xml version="1.0" encoding="UTF-8"?>
<!-- Generated by org.testng.reporters.JUnitReportReporter -->
<testsuite hostname="Rashe" failures="0" tests="1" name="tests.CheckoutPageValidation" time="5.699" errors="0" timestamp="2025-04-04T18:36:38 EDT" skipped="0">
  <testcase classname="tests.CheckoutPageValidation" name="checkoutWithMissingFirstName" time="5.699"/>
  <system-out/>
</testsuite> <!-- tests.CheckoutPageValidation -->
