<?xml version="1.0" encoding="UTF-8"?>
<!-- Generated by org.testng.reporters.JUnitReportReporter -->
<testsuite hostname="Rashe" failures="0" tests="2" name="tests.E2ETest" time="8.996" errors="0" timestamp="2025-04-06T15:06:54 EDT" skipped="0">
  <testcase classname="tests.E2ETest" name="submitOrder" time="4.508"/>
  <system-out/>
  <testcase classname="tests.E2ETest" name="submitOrder" time="4.488"/>
  <system-out/>
</testsuite> <!-- tests.E2ETest -->
