<?xml version="1.0" encoding="UTF-8"?>
<!-- Generated by org.testng.reporters.JUnitReportReporter -->
<testsuite hostname="Rashe" failures="0" tests="9" name="tests.InventoryPageValidation" time="34.382" errors="0" timestamp="2025-04-06T15:06:54 EDT" skipped="0">
  <testcase classname="tests.InventoryPageValidation" name="sortProductsByHighToLowPrice" time="3.854"/>
  <system-out/>
  <testcase classname="tests.InventoryPageValidation" name="addandRemoveProductfromCart" time="4.037"/>
  <system-out/>
  <testcase classname="tests.InventoryPageValidation" name="addandRemoveProductfromCart" time="3.798"/>
  <system-out/>
  <testcase classname="tests.InventoryPageValidation" name="verifyProductDetailsNavigation" time="3.772"/>
  <system-out/>
  <testcase classname="tests.InventoryPageValidation" name="addSingleItemtoCart" time="3.688"/>
  <system-out/>
  <testcase classname="tests.InventoryPageValidation" name="addSingleItemtoCart" time="3.862"/>
  <system-out/>
  <testcase classname="tests.InventoryPageValidation" name="VerifyItemCount" time="3.589"/>
  <system-out/>
  <testcase classname="tests.InventoryPageValidation" name="verifyProductDetailsNavigation" time="3.874"/>
  <system-out/>
  <testcase classname="tests.InventoryPageValidation" name="sortProductsByLowToHighPrice" time="3.908"/>
  <system-out/>
</testsuite> <!-- tests.InventoryPageValidation -->
