<?xml version="1.0" encoding="UTF-8"?>
<!-- Generated by org.testng.reporters.JUnitReportReporter -->
<testsuite hostname="Rashe" failures="0" tests="2" name="tests.E2ETest" time="13.541" errors="0" timestamp="2023-04-26T17:32:21 EDT" skipped="0">
  <testcase classname="tests.E2ETest" name="submitOrder" time="7.946"/>
  <system-out/>
  <testcase classname="tests.E2ETest" name="submitOrder" time="5.595"/>
  <system-out/>
</testsuite> <!-- tests.E2ETest -->
