<?xml version="1.0" encoding="UTF-8"?>
<!-- Generated by org.testng.reporters.JUnitReportReporter -->
<testsuite hostname="Rashe" failures="0" tests="4" name="tests.Errorvalidation" time="20.401" errors="0" timestamp="2025-04-06T15:06:54 EDT" skipped="0">
  <testcase classname="tests.Errorvalidation" name="InvalidLogin" time="3.680"/>
  <system-out/>
  <testcase classname="tests.Errorvalidation" name="performanceGlitch" time="8.848"/>
  <system-out/>
  <testcase classname="tests.Errorvalidation" name="lockedUser" time="3.605"/>
  <system-out/>
  <testcase classname="tests.Errorvalidation" name="checkoutWithMissingFirstName" time="4.268"/>
  <system-out/>
</testsuite> <!-- tests.Errorvalidation -->
