<?xml version="1.0" encoding="UTF-8"?>
<!-- Generated by org.testng.reporters.JUnitReportReporter -->
<testsuite hostname="Rashe" failures="0" tests="1" name="tests.CartPageValidation" time="5.716" errors="0" timestamp="2025-04-06T15:06:54 EDT" skipped="0">
  <testcase classname="tests.CartPageValidation" name="addMultipleItemsAndVerifyInCart" time="5.716"/>
  <system-out/>
</testsuite> <!-- tests.CartPageValidation -->
