<?xml version="1.0" encoding="UTF-8"?>
<!-- Generated by org.testng.reporters.JUnitReportReporter -->
<testsuite hostname="Rashe" failures="0" tests="1" name="cucumber.TestNGTestRunner" time="5.929" errors="0" timestamp="2025-04-06T14:56:34 EDT" skipped="0">
  <testcase classname="cucumber.TestNGTestRunner" name="runScenario" time="5.929"/>
  <system-out/>
</testsuite> <!-- cucumber.TestNGTestRunner -->
